<?xml version="1.0" encoding="UTF-8"?>
<!-- Generated by org.testng.reporters.JUnitXMLReporter -->
<testsuite hostname="Dell-Inspiron-5559" ignored="0" name="ChromeTest" tests="1" failures="0" timestamp="2019-09-22T13:30:28 IST" time="10.978" errors="0">
  <testcase name="@BeforeMethod beforeClass" time="0.015" classname="com.selenium.testng.MultipleBrowserTesting">
    <failure type="java.lang.NullPointerException">
      <![CDATA[java.lang.NullPointerException
at com.selenium.testng.MultipleBrowserTesting.beforeClass(MultipleBrowserTesting.java:38)
at java.util.ArrayList.forEach(ArrayList.java:1257)
at java.util.concurrent.FutureTask.run(FutureTask.java:266)
at java.util.concurrent.ThreadPoolExecutor.runWorker(ThreadPoolExecutor.java:1149)
at java.util.concurrent.ThreadPoolExecutor$Worker.run(ThreadPoolExecutor.java:624)
at java.lang.Thread.run(Thread.java:748)
... Removed 22 stack frames]]>
    </failure>
  </testcase> <!-- @BeforeMethod beforeClass -->
  <testcase name="@AfterMethod afterMethod" time="-1.569139217099E9" classname="com.selenium.testng.MultipleBrowserTesting">
    <skipped/>
  </testcase> <!-- @AfterMethod afterMethod -->
  <testcase name="login" time="0.0" classname="com.selenium.testng.MultipleBrowserTesting">
    <skipped/>
  </testcase> <!-- login -->
</testsuite> <!-- ChromeTest -->
