<?xml version="1.0" encoding="UTF-8"?>
<!-- Generated by org.testng.reporters.JUnitXMLReporter -->
<testsuite hostname="Dell-Inspiron-5559" ignored="0" name="FirefoxTest" tests="2" failures="0" timestamp="2019-09-22T13:30:38 IST" time="15.902" errors="0">
  <testcase name="login" time="0.0" classname="com.selenium.testng.MultipleBrowserTesting">
    <skipped/>
  </testcase> <!-- login -->
  <testcase name="login" time="0.0" classname="com.selenium.testng.MultipleBrowserTesting">
    <skipped/>
  </testcase> <!-- login -->
</testsuite> <!-- FirefoxTest -->
